make all --print-data-base --no-builtin-variables --no-builtin-rules --question
# GNU Make 3.81
# Copyright (C) 2006  Free Software Foundation, Inc.
# This is free software; see the source for copying conditions.
# There is NO warranty; not even for MERCHANTABILITY or FITNESS FOR A
# PARTICULAR PURPOSE.

# This program built for i386-apple-darwin11.3.0

# Make data base, printed on Tue Jan 23 09:47:25 2024

# Variables

# automatic
<D = $(patsubst %/,%,$(dir $<))
# automatic
?F = $(notdir $?)
# environment
VSCODE_CRASH_REPORTER_PROCESS_TYPE = extensionHost
# automatic
?D = $(patsubst %/,%,$(dir $?))
# automatic
@D = $(patsubst %/,%,$(dir $@))
# automatic
@F = $(notdir $@)
# makefile
CURDIR := /Users/eseferi/cub3D
# makefile
SHELL = /bin/sh
# makefile (from `Makefile', line 5)
RM = rm -rf
# environment
VSCODE_NLS_CONFIG = {"locale":"en-us","osLocale":"en","availableLanguages":{},"_languagePackSupport":true}
# environment
_ = /usr/bin/make
# makefile (from `Makefile', line 17)
CFLAGS = -Wall -Wextra -Iinc -Isrc -O3 -g -I/usr/X11/include  -I $(LIBFT_DIR)/include -I $(MLX_DIR)
# makefile (from `Makefile', line 29)
CUB3D_OBJ = $(addprefix $(OBJ_DIR)/, $(CUB3D_SRC:.c=.o))
# makefile (from `Makefile', line 1)
MAKEFILE_LIST :=  Makefile
# makefile (from `Makefile', line 28)
OBJ_DIR = obj
# environment
VSCODE_CWD = /
# environment
PATH = /Users/eseferi/.brew/bin:/Users/eseferi/goinfre/.brew/bin:/Users/eseferi/goinfre/.brew/bin:/usr/local/bin:/usr/bin:/bin:/usr/sbin:/sbin:/usr/local/munki:/opt/X11/bin:/Library/Apple/usr/bin
# makefile (from `Makefile', line 89)
BOLD = \033[1m
# makefile (from `Makefile', line 23)
VPATH = src:include:src/mlx_functions:src/parser:src/geometry:src/utils:include
# environment
LaunchInstanceID = 5A6C69D5-3442-40A9-A4E2-1F547CFFC96D
# environment
ELECTRON_RUN_AS_NODE = 1
# makefile (from `Makefile', line 18)
LDFLAGS = -L $(MLX_DIR) -L /usr/X11/lib -lmlx -framework OpenGL -framework AppKit -lX11
# default
.FEATURES := target-specific order-only second-expansion else-if archives jobserver check-symlink
# makefile (from `Makefile', line 11)
LIBFT_DIR = lib/libft
# environment
SSH_AUTH_SOCK = /private/tmp/com.apple.launchd.68iGsSuzu2/Listeners
# makefile (from `Makefile', line 16)
MLX_FILE = $(MLX_DIR)/libmlx.a
# automatic
%F = $(notdir $%)
# environment
HOMEBREW_TEMP = /tmp/eseferi/Homebrew/Temp
# environment
DISPLAY = /private/tmp/com.apple.launchd.qCSafibhen/org.xquartz:0
# environment
PWD = /Users/eseferi/cub3D
# environment
ORIGINAL_XDG_CURRENT_DESKTOP = undefined
# makefile (from `Makefile', line 88)
GREEN = \033[1;32m
# environment
VSCODE_AMD_ENTRYPOINT = vs/workbench/api/node/extensionHostProcess
# environment
HOME = /Users/eseferi
# default
MAKEFILEPATH := /Applications/Xcode.app/Contents/Developer/Makefiles
# environment
VSCODE_CODE_CACHE_PATH = /Users/eseferi/Library/Application Support/Code/CachedData/0ee08df0cf4527e40edc9aa28f4b5bd38bbff2b2
# environment
LOGNAME = eseferi
# environment
APPLICATION_INSIGHTS_NO_DIAGNOSTIC_CHANNEL = 1
# makefile (from `Makefile', line 25)
CUB3D_SRC = $(shell find src -name '*.c')
# environment
VSCODE_HANDLES_UNCAUGHT_ERRORS = true
# automatic
^D = $(patsubst %/,%,$(dir $^))
# environment
XPC_FLAGS = 0x0
# default
MAKE = $(MAKE_COMMAND)
# default
MAKECMDGOALS := all
# environment
HOMEBREW_CACHE = /tmp/eseferi/Homebrew/Caches
# environment
SHLVL = 1
# makefile (from `Makefile', line 10)
LIBFT = libft.a
# makefile (from `Makefile', line 2)
CC = gcc
# default
MAKE_VERSION := 3.81
# environment
USER = eseferi
# makefile
.DEFAULT_GOAL := all
# makefile (from `Makefile', line 7)
NAME = $(CUB3D)
# automatic
%D = $(patsubst %/,%,$(dir $%))
# default
MAKE_COMMAND := /Applications/Xcode.app/Contents/Developer/usr/bin/make
# default
.VARIABLES := 
# environment
TMPDIR = /var/folders/zz/zyxvpxvq6csfxvn_n000cjmh0034d4/T/
# automatic
*F = $(notdir $*)
# environment
VSCODE_IPC_HOOK = /Users/eseferi/Library/Application Support/Code/1.85-main.sock
# environment
MallocNanoZone = 0
# makefile (from `Makefile', line 86)
RED = \033[1;31m
# makefile
MAKEFLAGS = sRrqp
# environment
MFLAGS = -sRrqp
# automatic
*D = $(patsubst %/,%,$(dir $*))
# environment
XPC_SERVICE_NAME = com.apple.xpc.launchd.oneshot.0x10000001.Electron
# automatic
+D = $(patsubst %/,%,$(dir $+))
# makefile (from `Makefile', line 90)
YELLOW = \033[1;33m
# automatic
+F = $(notdir $+)
# environment
__CF_USER_TEXT_ENCODING = 0x191A4:0x0:0x0
# environment
COMMAND_MODE = unix2003
# default
MAKEFILES := 
# makefile (from `Makefile', line 6)
CUB3D = cub3D
# automatic
<F = $(notdir $<)
# makefile (from `Makefile', line 20)
MAKE_LIB = make --no-print-directory -C
# makefile (from `Makefile', line 15)
MLX_DIR = lib/mlx
# environment
LC_ALL = C
# makefile (from `Makefile', line 87)
DEFAULT = \033[0m
# environment
SECURITYSESSIONID = 186a8
# makefile (from `Makefile', line 12)
LIBFT_FILE = $(LIBFT_DIR)/$(LIBFT)
# automatic
^F = $(notdir $^)
# default
SUFFIXES := 
# makefile (from `Makefile', line 24)
CUB3D_INC = CUB3D.h
# default
.INCLUDE_DIRS = /usr/local/include
# environment
MAKELEVEL := 0
# environment
LANG = C
# environment
VSCODE_PID = 2451
# variable set hash-table stats:
# Load=85/1024=8%, Rehash=0, Collisions=3/149=2%

# Pattern-specific Variable Values

# No pattern-specific variable values.

# Directories

# include: could not be stat'd.
# . (device 16777225, inode 2813534): 13 files, no impossibilities.
# src/mlx_functions (device 16777225, inode 2813768): 4 files, no impossibilities so far.
# src/utils (device 16777225, inode 2813780): No files, no impossibilities so far.
# src (device 16777225, inode 2813767): 4 files, no impossibilities so far.
# src/parser (device 16777225, inode 2813771): 3 files, no impossibilities so far.
# src/geometry (device 16777225, inode 2815879): 3 files, no impossibilities so far.

# 27 files, no impossibilities in 7 directories.

# Implicit Rules

obj/%.o: %.c
#  commands to execute (from `Makefile', line 35):
	@mkdir -p $(dir $@)
	@$(CC) $(CFLAGS) -c $< -o $@
	

# 1 implicit rules, 0 (0.0%) terminal.

# Files

lib/mlx/libmlx.a:
#  Implicit rule search has not been done.
#  Last modified 2024-01-23 09:39:28
#  File has been updated.
#  Successfully updated.
#  commands to execute (from `Makefile', line 42):
	@$(MAKE_LIB) $(MLX_DIR)
	

all: cub3D
#  Phony target (prerequisite of .PHONY).
#  Command-line target.
#  Implicit rule search has not been done.
#  File does not exist.
#  File has been updated.
#  Needs to be updated (-q is set).
# variable set hash-table stats:
# Load=0/32=0%, Rehash=0, Collisions=0/6=0%

obj/src/mlx_functions/cleanup.o: src/mlx_functions/cleanup.c
#  Implicit rule search has been done.
#  Implicit/static pattern stem: `src/mlx_functions/cleanup'
#  Last modified 2024-01-23 09:39:28
#  File has been updated.
#  Successfully updated.
# variable set hash-table stats:
# Load=0/32=0%, Rehash=0, Collisions=0/0=0%
#  commands to execute (from `Makefile', line 35):
	@mkdir -p $(dir $@)
	@$(CC) $(CFLAGS) -c $< -o $@
	

.PHONY: all lib_clean lib_fclean clean fclean re
#  Implicit rule search has not been done.
#  Modification time never checked.
#  File has not been updated.

cub3D: lib/libft/libft.a lib/mlx/libmlx.a obj/src/geometry/vector_utils.o obj/src/main.o obj/src/mlx_functions/cleanup.o obj/src/mlx_functions/mouse_events.o obj/src/parser/flood_fill.o obj/src/parser/gnl.o obj/src/parser/init.o obj/src/parser/parse_colors.o obj/src/parser/parse_file.o obj/src/parser/parse_info.o obj/src/parser/parse_map.o obj/src/parser/parse_utils.o obj/src/utils/utils.o
#  Implicit rule search has not been done.
#  Last modified 2024-01-23 09:41:35
#  File has been updated.
#  Needs to be updated (-q is set).
# variable set hash-table stats:
# Load=0/32=0%, Rehash=0, Collisions=0/6=0%
#  commands to execute (from `Makefile', line 45):
	@$(CC) $(CFLAGS) $(LDFLAGS) $(LIBFT_FILE) $(MLX_FILE) $(CUB3D_OBJ) -o $@
	@echo "$(GREEN)$(NAME) was successfully created!$(DEFAULT)"
	

# Not a target:
obj/src/parser/parse_map.o:
#  Implicit rule search has not been done.
#  Modification time never checked.
#  File has not been updated.

obj/src/mlx_functions/mouse_events.o: src/mlx_functions/mouse_events.c
#  Implicit rule search has been done.
 
#  Implicit/static pattern stem: `src/mlx_functions/mouse_events'
#  Last modified 2024-01-23 09:39:28
#  File has been updated.
#  Successfully updated.
# variable set hash-table stats:
# Load=0/32=0%, Rehash=0, Collisions=0/0=0%
#  commands to execute (from `Makefile', line 35):
	@mkdir -p $(dir $@)
	@$(CC) $(CFLAGS) -c $< -o $@
	

# Not a target:
obj/src/parser/parse_file.o:
#  Implicit rule search has not been done.
#  Modification time never checked.
#  File has not been updated.

# Not a target:
.SUFFIXES:
#  Implicit rule search has not been done.
#  Modification time never checked.
#  File has not been updated.

# Not a target:
obj/src/parser/parse_info.o:
#  Implicit rule search has not been done.
#  Modification time never checked.
#  File has not been updated.

# Not a target:
Makefile:
#  Implicit rule search has been done.
#  Last modified 2024-01-22 19:41:59
#  File has been updated.
#  Successfully updated.
# variable set hash-table stats:
# Load=0/32=0%, Rehash=0, Collisions=0/0=0%

# Not a target:
src/geometry/vector_utils.c:
#  Implicit rule search has been done.
#  Last modified 2024-01-22 20:30:00
#  File has been updated.
#  Successfully updated.
# variable set hash-table stats:
# Load=0/32=0%, Rehash=0, Collisions=0/0=0%

obj/src/parser/flood_fill.o: src/parser/flood_fill.c
#  Implicit rule search has been done.
#  Implicit/static pattern stem: `src/parser/flood_fill'
#  Last modified 2024-01-23 09:41:35
#  File has been updated.
#  Needs to be updated (-q is set).
# automatic
# @ := obj/src/parser/flood_fill.o
# automatic
# % := 
# automatic
# * := src/parser/flood_fill
# automatic
# + := src/parser/flood_fill.c
# automatic
# | := 
# automatic
# < := src/parser/flood_fill.c
# automatic
# ^ := src/parser/flood_fill.c
# automatic
# ? := src/parser/flood_fill.c
# variable set hash-table stats:
# Load=8/32=25%, Rehash=0, Collisions=2/17=12%
#  commands to execute (from `Makefile', line 35):
	@mkdir -p $(dir $@)
	@$(CC) $(CFLAGS) -c $< -o $@
	

fclean: clean lib_fclean
#  Phony target (prerequisite of .PHONY).
#  Implicit rule search has not been done.
#  File does not exist.
#  File has not been updated.
#  commands to execute (from `Makefile', line 61):
	$(RM) $(NAME)
	@echo "$(RED)$(NAME) program deleted!$(DEFAULT)"
	

# Not a target:
src/main.c:
#  Implicit rule search has been done.
#  Last modified 2024-01-22 20:32:54
#  File has been updated.
#  Successfully updated.
# variable set hash-table stats:
# Load=0/32=0%, Rehash=0, Collisions=0/0=0%

leaks: cub3D
#  Implicit rule search has not been done.
#  Modification time never checked.
#  File has not been updated.
#  commands to execute (from `Makefile', line 79):
	$(LEAKS) ./$(NAME)
	

# Not a target:
obj/src/utils/utils.o:
#  Implicit rule search has not been done.
#  Modification time never checked.
#  File has not been updated.

.SILENT:
#  Implicit rule search has not been done.
#  Modification time never checked.
#  File has not been updated.

# Not a target:
obj/src/parser/parse_utils.o:
#  Implicit rule search has not been done.
#  Modification time never checked.
#  File has not been updated.

# Not a target:
.DEFAULT:
#  Implicit rule search has not been done.
#  Modification time never checked.
#  File has not been updated.

# Not a target:
obj/src/parser/gnl.o:
#  Implicit rule search has not been done.
#  Modification time never checked.
#  File has not been updated.

re: fclean all
#  Phony target (prerequisite of .PHONY).
#  Implicit rule search has not been done.
#  File does not exist.
#  File has not been updated.

# Not a target:
src/mlx_functions/cleanup.c:
#  Implicit rule search has been done.
#  Last modified 2024-01-22 19:18:12
#  File has been updated.
#  Successfully updated.
# variable set hash-table stats:
# Load=0/32=0%, Rehash=0, Collisions=0/0=0%

clean: lib_clean
#  Phony target (prerequisite of .PHONY).
#  Implicit rule search has not been done.
#  File does not exist.
#  File has not been updated.
#  commands to execute (from `Makefile', line 57):
	$(RM) $(OBJ_DIR)
	@echo "$(YELLOW)$(NAME) object files deleted!$(DEFAULT)"
	

# Not a target:
src/mlx_functions/mouse_events.c:
#  Implicit rule search has been done.
#  Last modified 2024-01-22 20:41:42
#  File has been updated.
#  Successfully updated.
# variable set hash-table stats:
# Load=0/32=0%, Rehash=0, Collisions=0/0=0%

obj/src/geometry/vector_utils.o: src/geometry/vector_utils.c
#  Implicit rule search has been done.
#  Implicit/static pattern stem: `src/geometry/vector_utils'
#  Last modified 2024-01-23 09:39:28
#  File has been updated.
#  Successfully updated.
# variable set hash-table stats:
# Load=0/32=0%, Rehash=0, Collisions=0/0=0%
#  commands to execute (from `Makefile', line 35):
	@mkdir -p $(dir $@)
	@$(CC) $(CFLAGS) -c $< -o $@
	

lib_fclean:
#  Phony target (prerequisite of .PHONY).
#  Implicit rule search has not been done.
#  File does not exist.
#  File has not been updated.
#  commands to execute (from `Makefile', line 53):
	$(MAKE_LIB) $(LIBFT_DIR) fclean
	$(MAKE_LIB) $(MLX_DIR) clean
	

lib_clean:
#  Phony target (prerequisite of .PHONY).
#  Implicit rule search has not been done.
#  File does not exist.
#  File has not been updated.
#  commands to execute (from `Makefile', line 49):
	$(MAKE_LIB) $(LIBFT_DIR) clean
	$(MAKE_LIB) $(MLX_DIR) clean
	

lib/libft/libft.a:
#  Implicit rule search has not been done.
#  Last modified 2024-01-23 09:39:23
#  File has been updated.
#  Successfully updated.
#  commands to execute (from `Makefile', line 39):
	$(MAKE_LIB) $(LIBFT_DIR)
	

# Not a target:
obj/src/parser/init.o:
#  Implicit rule search has not been done.
#  Modification time never checked.
#  File has not been updated.

# Not a target:
src/parser/flood_fill.c:
#  Implicit rule search has been done.
#  Last modified 2024-01-23 09:42:38
#  File has been updated.
#  Successfully updated.
# variable set hash-table stats:
# Load=0/32=0%, Rehash=0, Collisions=0/0=0%

valgrind: cub3D
#  Implicit rule search has not been done.
#  Modification time never checked.
#  File has not been updated.
#  commands to execute (from `Makefile', line 75):
	$(VALGRIND) ./$(NAME)
	

obj/src/main.o: src/main.c
#  Implicit rule search has been done.
#  Implicit/static pattern stem: `src/main'
#  Last modified 2024-01-23 09:39:28
#  File has been updated.
#  Successfully updated.
# variable set hash-table stats:
# Load=0/32=0%, Rehash=0, Collisions=0/0=0%
#  commands to execute (from `Makefile', line 35):
	@mkdir -p $(dir $@)
	@$(CC) $(CFLAGS) -c $< -o $@
	

# Not a target:
obj/src/parser/parse_colors.o:
#  Implicit rule search has not been done.
#  Modification time never checked.
#  File has not been updated.

# files hash-table stats:
# Load=34/1024=3%, Rehash=0, Collisions=0/91=0%
# VPATH Search Paths

# No `vpath' search paths.

# General (`VPATH' variable) search path:
# src:src/mlx_functions:src/parser:src/geometry:src/utils

# # of strings in strcache: 1
# # of strcache buffers: 1
# strcache size: total = 4096 / max = 4096 / min = 4096 / avg = 4096
# strcache free: total = 4087 / max = 4087 / min = 4087 / avg = 4087

# Finished Make data base on Tue Jan 23 09:47:25 2024

 
